<?xml version="1.0" encoding="UTF-8"?>
<!-- Generated by org.testng.reporters.JUnitReportReporter -->
<testsuite hostname="Prabin" failures="0" tests="1" name="test.AddCustomerTest" time="3.787" errors="0" timestamp="04 Apr 2022 19:36:36 GMT" skipped="0">
  <testcase classname="test.AddCustomerTest" name="validUserShouldBeAbleToCreateCustomer" time="3.787"/>
</testsuite> <!-- test.AddCustomerTest -->
