<?xml version="1.0" encoding="UTF-8"?>
<!-- Generated by org.testng.reporters.JUnitReportReporter -->
<testsuite hostname="Prabin" failures="0" tests="1" name="test.LoginTest" time="4.545" errors="0" timestamp="04 Apr 2022 00:31:56 GMT" skipped="0">
  <testcase classname="test.LoginTest" name="validUserShouldBeAbleToLogin" time="4.545"/>
</testsuite> <!-- test.LoginTest -->
